Command line:
   Arquitectura_procesador_isim_beh.exe
     -simmode  gui
     -simrunnum  0
     -socket  58668

Mon Apr 25 10:08:03 2016


 Elaboration Time: 0.249601 sec

 Current Memory Usage: 671.92 Meg

 Total Signals          : 54
 Total Nets             : 2664
 Total Signal Drivers   : 12
 Total Blocks           : 15
 Total Primitive Blocks : 14
 Total Processes        : 10
 Total Traceable Variables  : 15
 Total Scalar Nets and Variables : 3165
Total Line Count : 96

 Total Simulation Time: 0.998406 sec

 Current Memory Usage: 671.92 Meg

Mon Apr 25 10:20:57 2016

